2024-12-08 17:54:32,290 [Worker-6: Loading available Gradle versions] INFO  o.e.b.c.i.u.g.PublishedGradleVersions - Gradle version information cache is up-to-date. Trying to read.
2024-12-08 18:24:24,162 [Worker-4: Import Getting Started Content] INFO  o.e.m.c.i.l.LifecycleMappingFactory - Using org.eclipse.m2e.jdt.JarLifecycleMapping lifecycle mapping for MavenProject: com.example:LogExample:0.0.1-SNAPSHOT @ C:\Users\A\Desktop\LogInEx\LogExample\pom.xml.
2024-12-08 18:24:24,584 [Worker-4: Import Getting Started Content] INFO  o.e.m.c.i.e.AbstractTransferListenerAdapter - Downloading https://repo.maven.apache.org/maven2/org/springframework/boot/spring-boot-starter-security/3.4.0/spring-boot-starter-security-3.4.0.pom
2024-12-08 18:24:24,594 [Worker-4: Import Getting Started Content] INFO  o.e.m.c.i.e.AbstractTransferListenerAdapter - Downloaded https://repo.maven.apache.org/maven2/org/springframework/boot/spring-boot-starter-security/3.4.0/spring-boot-starter-security-3.4.0.pom
2024-12-08 18:24:24,613 [Worker-4: Import Getting Started Content] INFO  o.e.m.c.i.e.AbstractTransferListenerAdapter - Downloading https://repo.maven.apache.org/maven2/org/springframework/security/spring-security-config/6.4.1/spring-security-config-6.4.1.pom
2024-12-08 18:24:24,617 [Worker-4: Import Getting Started Content] INFO  o.e.m.c.i.e.AbstractTransferListenerAdapter - Downloaded https://repo.maven.apache.org/maven2/org/springframework/security/spring-security-config/6.4.1/spring-security-config-6.4.1.pom
2024-12-08 18:24:24,634 [Worker-4: Import Getting Started Content] INFO  o.e.m.c.i.e.AbstractTransferListenerAdapter - Downloading https://repo.maven.apache.org/maven2/org/springframework/security/spring-security-core/6.4.1/spring-security-core-6.4.1.pom
2024-12-08 18:24:24,638 [Worker-4: Import Getting Started Content] INFO  o.e.m.c.i.e.AbstractTransferListenerAdapter - Downloaded https://repo.maven.apache.org/maven2/org/springframework/security/spring-security-core/6.4.1/spring-security-core-6.4.1.pom
2024-12-08 18:24:24,665 [Worker-4: Import Getting Started Content] INFO  o.e.m.c.i.e.AbstractTransferListenerAdapter - Downloading https://repo.maven.apache.org/maven2/org/springframework/security/spring-security-web/6.4.1/spring-security-web-6.4.1.pom
2024-12-08 18:24:24,667 [Worker-4: Import Getting Started Content] INFO  o.e.m.c.i.e.AbstractTransferListenerAdapter - Downloaded https://repo.maven.apache.org/maven2/org/springframework/security/spring-security-web/6.4.1/spring-security-web-6.4.1.pom
2024-12-08 18:24:24,790 [Worker-4: Import Getting Started Content] INFO  o.e.m.c.i.e.AbstractTransferListenerAdapter - Downloading https://repo.maven.apache.org/maven2/org/springframework/security/spring-security-test/6.4.1/spring-security-test-6.4.1.pom
2024-12-08 18:24:24,794 [Worker-4: Import Getting Started Content] INFO  o.e.m.c.i.e.AbstractTransferListenerAdapter - Downloaded https://repo.maven.apache.org/maven2/org/springframework/security/spring-security-test/6.4.1/spring-security-test-6.4.1.pom
2024-12-08 18:24:24,951 [Worker-4: Import Getting Started Content] INFO  o.e.m.c.i.e.AbstractTransferListenerAdapter - Downloading https://repo.maven.apache.org/maven2/org/springframework/boot/spring-boot-starter-security/3.4.0/spring-boot-starter-security-3.4.0.jar
2024-12-08 18:24:24,955 [Worker-4: Import Getting Started Content] INFO  o.e.m.c.i.e.AbstractTransferListenerAdapter - Downloaded https://repo.maven.apache.org/maven2/org/springframework/boot/spring-boot-starter-security/3.4.0/spring-boot-starter-security-3.4.0.jar
2024-12-08 18:24:24,968 [BasicRepositoryConnector-repo.maven.apache.org-0-0] INFO  o.e.m.c.i.e.AbstractTransferListenerAdapter - Downloading https://repo.maven.apache.org/maven2/org/springframework/security/spring-security-config/6.4.1/spring-security-config-6.4.1.jar
2024-12-08 18:24:24,996 [BasicRepositoryConnector-repo.maven.apache.org-0-1] INFO  o.e.m.c.i.e.AbstractTransferListenerAdapter - Downloading https://repo.maven.apache.org/maven2/org/springframework/security/spring-security-web/6.4.1/spring-security-web-6.4.1.jar
2024-12-08 18:24:24,996 [BasicRepositoryConnector-repo.maven.apache.org-0-2] INFO  o.e.m.c.i.e.AbstractTransferListenerAdapter - Downloading https://repo.maven.apache.org/maven2/org/springframework/security/spring-security-test/6.4.1/spring-security-test-6.4.1.jar
2024-12-08 18:24:24,997 [BasicRepositoryConnector-repo.maven.apache.org-0-3] INFO  o.e.m.c.i.e.AbstractTransferListenerAdapter - Downloading https://repo.maven.apache.org/maven2/org/springframework/security/spring-security-core/6.4.1/spring-security-core-6.4.1.jar
2024-12-08 18:24:25,031 [BasicRepositoryConnector-repo.maven.apache.org-0-2] INFO  o.e.m.c.i.e.AbstractTransferListenerAdapter - Downloaded https://repo.maven.apache.org/maven2/org/springframework/security/spring-security-test/6.4.1/spring-security-test-6.4.1.jar
2024-12-08 18:24:25,078 [BasicRepositoryConnector-repo.maven.apache.org-0-3] INFO  o.e.m.c.i.e.AbstractTransferListenerAdapter - Downloaded https://repo.maven.apache.org/maven2/org/springframework/security/spring-security-core/6.4.1/spring-security-core-6.4.1.jar
2024-12-08 18:24:25,084 [BasicRepositoryConnector-repo.maven.apache.org-0-0] INFO  o.e.m.c.i.e.AbstractTransferListenerAdapter - Downloaded https://repo.maven.apache.org/maven2/org/springframework/security/spring-security-config/6.4.1/spring-security-config-6.4.1.jar
2024-12-08 18:24:25,111 [BasicRepositoryConnector-repo.maven.apache.org-0-1] INFO  o.e.m.c.i.e.AbstractTransferListenerAdapter - Downloaded https://repo.maven.apache.org/maven2/org/springframework/security/spring-security-web/6.4.1/spring-security-web-6.4.1.jar
2024-12-08 18:24:25,718 [Worker-4: Import Getting Started Content] INFO  o.e.m.j.i.AbstractJavaProjectConfigurator - Adding source folder /LogExample/src/main/java
2024-12-08 18:24:25,718 [Worker-4: Import Getting Started Content] INFO  o.e.m.j.i.AbstractJavaProjectConfigurator - Adding resource folder /LogExample/src/main/resources
2024-12-08 18:24:25,722 [Worker-4: Import Getting Started Content] INFO  o.e.m.j.i.AbstractJavaProjectConfigurator - Adding resource folder /LogExample/src/main/resources
2024-12-08 18:24:25,726 [Worker-4: Import Getting Started Content] INFO  o.e.m.j.i.AbstractJavaProjectConfigurator - Adding source folder /LogExample/src/test/java
2024-12-08 18:24:25,727 [Worker-4: Import Getting Started Content] INFO  o.e.m.j.i.AbstractJavaProjectConfigurator - Adding resource folder /LogExample/src/test/resources
2024-12-08 18:24:26,262 [Worker-4: Import Getting Started Content] INFO  o.e.m.c.i.p.ProjectConfigurationManager - Imported and configured 1 project(s) in 3 sec
2024-12-08 18:24:26,264 [Worker-4: Import Getting Started Content] INFO  o.e.m.c.i.p.ProjectConfigurationManager - Update started
2024-12-08 18:24:27,173 [Worker-4: Import Getting Started Content] INFO  o.e.m.c.i.l.LifecycleMappingFactory - Using org.eclipse.m2e.jdt.JarLifecycleMapping lifecycle mapping for MavenProject: com.example:LogExample:0.0.1-SNAPSHOT @ C:\Users\A\Desktop\LogInEx\LogExample\pom.xml.
2024-12-08 18:24:27,180 [Worker-32: Download sources and javadoc] INFO  o.e.m.c.i.e.AbstractTransferListenerAdapter - Downloading https://repo.maven.apache.org/maven2/org/springframework/boot/spring-boot-starter-security/3.4.0/spring-boot-starter-security-3.4.0-sources.jar
2024-12-08 18:24:27,184 [Worker-32: Download sources and javadoc] INFO  o.e.m.c.i.e.AbstractTransferListenerAdapter - Downloaded https://repo.maven.apache.org/maven2/org/springframework/boot/spring-boot-starter-security/3.4.0/spring-boot-starter-security-3.4.0-sources.jar
2024-12-08 18:24:27,190 [Worker-32: Download sources and javadoc] INFO  o.e.m.j.internal.DownloadSourcesJob - Downloaded sources for org.springframework.boot:spring-boot-starter-security:3.4.0
2024-12-08 18:24:27,250 [Worker-32: Download sources and javadoc] INFO  o.e.m.c.i.e.AbstractTransferListenerAdapter - Downloading https://repo.maven.apache.org/maven2/org/springframework/security/spring-security-config/6.4.1/spring-security-config-6.4.1-sources.jar
2024-12-08 18:24:27,400 [Worker-32: Download sources and javadoc] INFO  o.e.m.c.i.e.AbstractTransferListenerAdapter - Downloaded https://repo.maven.apache.org/maven2/org/springframework/security/spring-security-config/6.4.1/spring-security-config-6.4.1-sources.jar
2024-12-08 18:24:27,406 [Worker-32: Download sources and javadoc] INFO  o.e.m.j.internal.DownloadSourcesJob - Downloaded sources for org.springframework.security:spring-security-config:6.4.1
2024-12-08 18:24:27,451 [Worker-32: Download sources and javadoc] INFO  o.e.m.c.i.e.AbstractTransferListenerAdapter - Downloading https://repo.maven.apache.org/maven2/org/springframework/security/spring-security-web/6.4.1/spring-security-web-6.4.1-sources.jar
2024-12-08 18:24:27,525 [Worker-32: Download sources and javadoc] INFO  o.e.m.c.i.e.AbstractTransferListenerAdapter - Downloaded https://repo.maven.apache.org/maven2/org/springframework/security/spring-security-web/6.4.1/spring-security-web-6.4.1-sources.jar
2024-12-08 18:24:27,530 [Worker-32: Download sources and javadoc] INFO  o.e.m.j.internal.DownloadSourcesJob - Downloaded sources for org.springframework.security:spring-security-web:6.4.1
2024-12-08 18:24:27,578 [Worker-32: Download sources and javadoc] INFO  o.e.m.c.i.e.AbstractTransferListenerAdapter - Downloading https://repo.maven.apache.org/maven2/org/springframework/security/spring-security-test/6.4.1/spring-security-test-6.4.1-sources.jar
2024-12-08 18:24:27,594 [Worker-32: Download sources and javadoc] INFO  o.e.m.c.i.e.AbstractTransferListenerAdapter - Downloaded https://repo.maven.apache.org/maven2/org/springframework/security/spring-security-test/6.4.1/spring-security-test-6.4.1-sources.jar
2024-12-08 18:24:27,599 [Worker-32: Download sources and javadoc] INFO  o.e.m.j.internal.DownloadSourcesJob - Downloaded sources for org.springframework.security:spring-security-test:6.4.1
2024-12-08 18:24:27,642 [Worker-32: Download sources and javadoc] INFO  o.e.m.c.i.e.AbstractTransferListenerAdapter - Downloading https://repo.maven.apache.org/maven2/org/springframework/security/spring-security-core/6.4.1/spring-security-core-6.4.1-sources.jar
2024-12-08 18:24:27,718 [Worker-32: Download sources and javadoc] INFO  o.e.m.c.i.e.AbstractTransferListenerAdapter - Downloaded https://repo.maven.apache.org/maven2/org/springframework/security/spring-security-core/6.4.1/spring-security-core-6.4.1-sources.jar
2024-12-08 18:24:27,724 [Worker-32: Download sources and javadoc] INFO  o.e.m.j.internal.DownloadSourcesJob - Downloaded sources for org.springframework.security:spring-security-core:6.4.1
2024-12-08 18:24:27,979 [Worker-4: Import Getting Started Content] INFO  o.e.m.j.i.AbstractJavaProjectConfigurator - Adding source folder /LogExample/src/main/java
2024-12-08 18:24:27,979 [Worker-4: Import Getting Started Content] INFO  o.e.m.j.i.AbstractJavaProjectConfigurator - Adding resource folder /LogExample/src/main/resources
2024-12-08 18:24:27,980 [Worker-4: Import Getting Started Content] INFO  o.e.m.j.i.AbstractJavaProjectConfigurator - Adding resource folder /LogExample/src/main/resources
2024-12-08 18:24:27,980 [Worker-4: Import Getting Started Content] INFO  o.e.m.j.i.AbstractJavaProjectConfigurator - Adding source folder /LogExample/src/test/java
2024-12-08 18:24:27,981 [Worker-4: Import Getting Started Content] INFO  o.e.m.j.i.AbstractJavaProjectConfigurator - Adding resource folder /LogExample/src/test/resources
2024-12-08 18:24:28,638 [Worker-4: Import Getting Started Content] INFO  o.e.m.c.i.p.ProjectConfigurationManager - Update completed for 1 poms: local refresh takes 0.00 sec, refresh facades takes 1.00 sec, update config takes 0.00 sec 
2024-12-08 18:24:29,432 [Worker-33: Building] INFO  o.a.m.s.f.DefaultMavenResourcesFiltering - Copying 1 resource from src\main\resources to target\classes
2024-12-08 18:24:29,444 [Worker-33: Building] INFO  o.a.m.s.f.DefaultMavenResourcesFiltering - Copying 0 resource from src\main\resources to target\classes
2024-12-08 18:24:29,448 [Worker-33: Building] INFO  o.a.m.s.f.DefaultMavenResourcesFiltering - skip non existing resourceDirectory C:\Users\A\Desktop\LogInEx\LogExample\src\test\resources
2024-12-08 18:34:19,047 [Worker-34: Building] INFO  o.a.m.s.f.DefaultMavenResourcesFiltering - Copying 1 resource from src\main\resources to target\classes
2024-12-08 18:34:19,055 [Worker-34: Building] INFO  o.a.m.s.f.DefaultMavenResourcesFiltering - Copying 0 resource from src\main\resources to target\classes
2024-12-08 18:34:19,061 [Worker-34: Building] INFO  o.a.m.s.f.DefaultMavenResourcesFiltering - skip non existing resourceDirectory C:\Users\A\Desktop\LogInEx\LogExample\src\test\resources
2024-12-08 18:36:17,637 [Worker-37: Building] INFO  o.a.m.s.f.DefaultMavenResourcesFiltering - Copying 1 resource from src\main\resources to target\classes
2024-12-08 18:36:17,643 [Worker-37: Building] INFO  o.a.m.s.f.DefaultMavenResourcesFiltering - Copying 0 resource from src\main\resources to target\classes
2024-12-08 18:36:17,647 [Worker-37: Building] INFO  o.a.m.s.f.DefaultMavenResourcesFiltering - skip non existing resourceDirectory C:\Users\A\Desktop\LogInEx\LogExample\src\test\resources
2024-12-08 18:41:51,448 [Worker-33: Building] INFO  o.a.m.s.f.DefaultMavenResourcesFiltering - Copying 1 resource from src\main\resources to target\classes
2024-12-08 18:41:51,461 [Worker-33: Building] INFO  o.a.m.s.f.DefaultMavenResourcesFiltering - Copying 0 resource from src\main\resources to target\classes
2024-12-08 18:41:51,463 [Worker-33: Building] INFO  o.a.m.s.f.DefaultMavenResourcesFiltering - skip non existing resourceDirectory C:\Users\A\Desktop\LogInEx\LogExample\src\test\resources
2024-12-08 18:51:33,285 [Worker-40: Launching LogExample - LogExampleApplication] INFO  o.a.m.s.f.DefaultMavenResourcesFiltering - Copying 1 resource from src\main\resources to target\classes
2024-12-08 18:51:33,292 [Worker-40: Launching LogExample - LogExampleApplication] INFO  o.a.m.s.f.DefaultMavenResourcesFiltering - Copying 0 resource from src\main\resources to target\classes
2024-12-08 18:51:33,296 [Worker-40: Launching LogExample - LogExampleApplication] INFO  o.a.m.s.f.DefaultMavenResourcesFiltering - skip non existing resourceDirectory C:\Users\A\Desktop\LogInEx\LogExample\src\test\resources
2024-12-08 18:53:50,494 [Worker-44: Building] INFO  o.a.m.s.f.DefaultMavenResourcesFiltering - Copying 1 resource from src\main\resources to target\classes
2024-12-08 18:53:50,501 [Worker-44: Building] INFO  o.a.m.s.f.DefaultMavenResourcesFiltering - Copying 0 resource from src\main\resources to target\classes
2024-12-08 18:53:50,503 [Worker-44: Building] INFO  o.a.m.s.f.DefaultMavenResourcesFiltering - skip non existing resourceDirectory C:\Users\A\Desktop\LogInEx\LogExample\src\test\resources
2024-12-08 18:54:56,471 [Worker-41: Launching LogExample - LogExampleApplication] INFO  o.a.m.s.f.DefaultMavenResourcesFiltering - Copying 1 resource from src\main\resources to target\classes
2024-12-08 18:54:56,478 [Worker-41: Launching LogExample - LogExampleApplication] INFO  o.a.m.s.f.DefaultMavenResourcesFiltering - Copying 0 resource from src\main\resources to target\classes
2024-12-08 18:54:56,482 [Worker-41: Launching LogExample - LogExampleApplication] INFO  o.a.m.s.f.DefaultMavenResourcesFiltering - skip non existing resourceDirectory C:\Users\A\Desktop\LogInEx\LogExample\src\test\resources
2024-12-08 19:24:52,136 [Worker-41: Launching LogExample - LogExampleApplication] INFO  o.a.m.s.f.DefaultMavenResourcesFiltering - Copying 1 resource from src\main\resources to target\classes
2024-12-08 19:24:52,151 [Worker-41: Launching LogExample - LogExampleApplication] INFO  o.a.m.s.f.DefaultMavenResourcesFiltering - Copying 0 resource from src\main\resources to target\classes
2024-12-08 19:24:52,155 [Worker-41: Launching LogExample - LogExampleApplication] INFO  o.a.m.s.f.DefaultMavenResourcesFiltering - skip non existing resourceDirectory C:\Users\A\Desktop\LogInEx\LogExample\src\test\resources
2024-12-08 22:40:24,342 [Worker-63: Building] INFO  o.a.m.s.f.DefaultMavenResourcesFiltering - Copying 1 resource from src\main\resources to target\classes
2024-12-08 22:40:24,401 [Worker-63: Building] INFO  o.a.m.s.f.DefaultMavenResourcesFiltering - Copying 0 resource from src\main\resources to target\classes
2024-12-08 22:40:24,405 [Worker-63: Building] INFO  o.a.m.s.f.DefaultMavenResourcesFiltering - skip non existing resourceDirectory C:\Users\A\Desktop\LogInEx\LogExample\src\test\resources
2024-12-08 23:59:08,319 [Start Help Server] INFO  org.eclipse.jetty.server.Server - jetty-12.0.3; built: 2023-10-27T03:25:22.284Z; git: a873259fd5af141dedaa6c7fa8fe8fbdedce0d61; jvm 21+35-LTS-2513
2024-12-08 23:59:08,378 [Start Help Server] INFO  o.e.j.server.handler.ContextHandler - Started oeje8n.ContextHandler$CoreContextHandler@3bd5de91{/help,/help,b=null,a=AVAILABLE,h=oeje8n.ContextHandler$CoreContextHandler$CoreToNestedHandler@4ccf089d{STARTED}}
2024-12-08 23:59:08,379 [Start Help Server] INFO  o.e.j.s.DefaultSessionIdManager - Session workerName=node0
2024-12-08 23:59:08,415 [Start Help Server] INFO  o.e.jetty.server.AbstractConnector - Started ServerConnector@7bc586d6{HTTP/1.1, (http/1.1)}{127.0.0.1:18674}
2024-12-08 23:59:08,422 [Start Help Server] INFO  org.eclipse.jetty.server.Server - Started oejs.Server@1e9228c6{STARTING}[12.0.3,sto=0] @21893927ms
2024-12-08 23:59:56,926 [Worker-66: Building] INFO  o.a.m.s.f.DefaultMavenResourcesFiltering - Copying 1 resource from src\main\resources to target\classes
2024-12-08 23:59:56,944 [Worker-66: Building] INFO  o.a.m.s.f.DefaultMavenResourcesFiltering - Copying 0 resource from src\main\resources to target\classes
2024-12-08 23:59:56,949 [Worker-66: Building] INFO  o.a.m.s.f.DefaultMavenResourcesFiltering - skip non existing resourceDirectory C:\Users\A\Desktop\LogInEx\LogExample\src\test\resources
2024-12-09 00:00:44,117 [Worker-70: Building] INFO  o.a.m.s.f.DefaultMavenResourcesFiltering - Copying 1 resource from src\main\resources to target\classes
2024-12-09 00:00:44,132 [Worker-70: Building] INFO  o.a.m.s.f.DefaultMavenResourcesFiltering - Copying 0 resource from src\main\resources to target\classes
2024-12-09 00:00:44,141 [Worker-70: Building] INFO  o.a.m.s.f.DefaultMavenResourcesFiltering - skip non existing resourceDirectory C:\Users\A\Desktop\LogInEx\LogExample\src\test\resources
2024-12-09 00:05:36,490 [Worker-66: Launching LogExample - LogExampleApplication] INFO  o.a.m.s.f.DefaultMavenResourcesFiltering - Copying 1 resource from src\main\resources to target\classes
2024-12-09 00:05:36,496 [Worker-66: Launching LogExample - LogExampleApplication] INFO  o.a.m.s.f.DefaultMavenResourcesFiltering - Copying 0 resource from src\main\resources to target\classes
2024-12-09 00:05:36,499 [Worker-66: Launching LogExample - LogExampleApplication] INFO  o.a.m.s.f.DefaultMavenResourcesFiltering - skip non existing resourceDirectory C:\Users\A\Desktop\LogInEx\LogExample\src\test\resources
2024-12-09 00:06:48,124 [Worker-73: Building] INFO  o.a.m.s.f.DefaultMavenResourcesFiltering - Copying 1 resource from src\main\resources to target\classes
2024-12-09 00:06:48,130 [Worker-73: Building] INFO  o.a.m.s.f.DefaultMavenResourcesFiltering - Copying 0 resource from src\main\resources to target\classes
2024-12-09 00:06:48,133 [Worker-73: Building] INFO  o.a.m.s.f.DefaultMavenResourcesFiltering - skip non existing resourceDirectory C:\Users\A\Desktop\LogInEx\LogExample\src\test\resources
2024-12-09 00:07:17,277 [Worker-74: Launching LogExample - LogExampleApplication] INFO  o.a.m.s.f.DefaultMavenResourcesFiltering - Copying 1 resource from src\main\resources to target\classes
2024-12-09 00:07:17,284 [Worker-74: Launching LogExample - LogExampleApplication] INFO  o.a.m.s.f.DefaultMavenResourcesFiltering - Copying 0 resource from src\main\resources to target\classes
2024-12-09 00:07:17,287 [Worker-74: Launching LogExample - LogExampleApplication] INFO  o.a.m.s.f.DefaultMavenResourcesFiltering - skip non existing resourceDirectory C:\Users\A\Desktop\LogInEx\LogExample\src\test\resources
2024-12-09 00:08:55,430 [Worker-76: Launching LogExample - LogExampleApplication] INFO  o.a.m.s.f.DefaultMavenResourcesFiltering - Copying 1 resource from src\main\resources to target\classes
2024-12-09 00:08:55,436 [Worker-76: Launching LogExample - LogExampleApplication] INFO  o.a.m.s.f.DefaultMavenResourcesFiltering - Copying 0 resource from src\main\resources to target\classes
2024-12-09 00:08:55,441 [Worker-76: Launching LogExample - LogExampleApplication] INFO  o.a.m.s.f.DefaultMavenResourcesFiltering - skip non existing resourceDirectory C:\Users\A\Desktop\LogInEx\LogExample\src\test\resources
2024-12-09 00:09:50,541 [Worker-66: Launching LogExample - LogExampleApplication] INFO  o.a.m.s.f.DefaultMavenResourcesFiltering - Copying 1 resource from src\main\resources to target\classes
2024-12-09 00:09:50,550 [Worker-66: Launching LogExample - LogExampleApplication] INFO  o.a.m.s.f.DefaultMavenResourcesFiltering - Copying 0 resource from src\main\resources to target\classes
2024-12-09 00:09:50,554 [Worker-66: Launching LogExample - LogExampleApplication] INFO  o.a.m.s.f.DefaultMavenResourcesFiltering - skip non existing resourceDirectory C:\Users\A\Desktop\LogInEx\LogExample\src\test\resources
2024-12-09 00:17:59,520 [Worker-76: Launching LogExample - LogExampleApplication] INFO  o.a.m.s.f.DefaultMavenResourcesFiltering - Copying 1 resource from src\main\resources to target\classes
2024-12-09 00:17:59,530 [Worker-76: Launching LogExample - LogExampleApplication] INFO  o.a.m.s.f.DefaultMavenResourcesFiltering - Copying 0 resource from src\main\resources to target\classes
2024-12-09 00:17:59,535 [Worker-76: Launching LogExample - LogExampleApplication] INFO  o.a.m.s.f.DefaultMavenResourcesFiltering - skip non existing resourceDirectory C:\Users\A\Desktop\LogInEx\LogExample\src\test\resources
2024-12-09 00:24:09,983 [Worker-66: Launching LogExample - LogExampleApplication] INFO  o.a.m.s.f.DefaultMavenResourcesFiltering - Copying 1 resource from src\main\resources to target\classes
2024-12-09 00:24:09,996 [Worker-66: Launching LogExample - LogExampleApplication] INFO  o.a.m.s.f.DefaultMavenResourcesFiltering - Copying 0 resource from src\main\resources to target\classes
2024-12-09 00:24:10,000 [Worker-66: Launching LogExample - LogExampleApplication] INFO  o.a.m.s.f.DefaultMavenResourcesFiltering - skip non existing resourceDirectory C:\Users\A\Desktop\LogInEx\LogExample\src\test\resources
2024-12-09 00:55:45,205 [Worker-83: Launching LogExample - LogExampleApplication] INFO  o.a.m.s.f.DefaultMavenResourcesFiltering - Copying 1 resource from src\main\resources to target\classes
2024-12-09 00:55:45,220 [Worker-83: Launching LogExample - LogExampleApplication] INFO  o.a.m.s.f.DefaultMavenResourcesFiltering - Copying 0 resource from src\main\resources to target\classes
2024-12-09 00:55:45,224 [Worker-83: Launching LogExample - LogExampleApplication] INFO  o.a.m.s.f.DefaultMavenResourcesFiltering - skip non existing resourceDirectory C:\Users\A\Desktop\LogInEx\LogExample\src\test\resources
2024-12-09 00:58:26,991 [Worker-86: Launching LogExample - LogExampleApplication] INFO  o.a.m.s.f.DefaultMavenResourcesFiltering - Copying 1 resource from src\main\resources to target\classes
2024-12-09 00:58:26,999 [Worker-86: Launching LogExample - LogExampleApplication] INFO  o.a.m.s.f.DefaultMavenResourcesFiltering - Copying 0 resource from src\main\resources to target\classes
2024-12-09 00:58:27,001 [Worker-86: Launching LogExample - LogExampleApplication] INFO  o.a.m.s.f.DefaultMavenResourcesFiltering - skip non existing resourceDirectory C:\Users\A\Desktop\LogInEx\LogExample\src\test\resources
2024-12-09 02:31:01,886 [Worker-98: Launching LogExample - LogExampleApplication] INFO  o.a.m.s.f.DefaultMavenResourcesFiltering - Copying 1 resource from src\main\resources to target\classes
2024-12-09 02:31:01,897 [Worker-98: Launching LogExample - LogExampleApplication] INFO  o.a.m.s.f.DefaultMavenResourcesFiltering - Copying 0 resource from src\main\resources to target\classes
2024-12-09 02:31:01,901 [Worker-98: Launching LogExample - LogExampleApplication] INFO  o.a.m.s.f.DefaultMavenResourcesFiltering - skip non existing resourceDirectory C:\Users\A\Desktop\LogInEx\LogExample\src\test\resources
2024-12-09 03:04:09,255 [Worker-99: Launching LogExample - LogExampleApplication] INFO  o.a.m.s.f.DefaultMavenResourcesFiltering - Copying 1 resource from src\main\resources to target\classes
2024-12-09 03:04:09,300 [Worker-99: Launching LogExample - LogExampleApplication] INFO  o.a.m.s.f.DefaultMavenResourcesFiltering - Copying 0 resource from src\main\resources to target\classes
2024-12-09 03:04:09,305 [Worker-99: Launching LogExample - LogExampleApplication] INFO  o.a.m.s.f.DefaultMavenResourcesFiltering - skip non existing resourceDirectory C:\Users\A\Desktop\LogInEx\LogExample\src\test\resources
2024-12-09 03:05:31,295 [Worker-100: Launching LogExample - LogExampleApplication] INFO  o.a.m.s.f.DefaultMavenResourcesFiltering - Copying 1 resource from src\main\resources to target\classes
2024-12-09 03:05:31,333 [Worker-100: Launching LogExample - LogExampleApplication] INFO  o.a.m.s.f.DefaultMavenResourcesFiltering - Copying 0 resource from src\main\resources to target\classes
2024-12-09 03:05:31,338 [Worker-100: Launching LogExample - LogExampleApplication] INFO  o.a.m.s.f.DefaultMavenResourcesFiltering - skip non existing resourceDirectory C:\Users\A\Desktop\LogInEx\LogExample\src\test\resources
2024-12-09 03:19:04,300 [Worker-100: Launching LogExample - LogExampleApplication] INFO  o.a.m.s.f.DefaultMavenResourcesFiltering - Copying 1 resource from src\main\resources to target\classes
2024-12-09 03:19:04,310 [Worker-100: Launching LogExample - LogExampleApplication] INFO  o.a.m.s.f.DefaultMavenResourcesFiltering - Copying 0 resource from src\main\resources to target\classes
2024-12-09 03:19:04,314 [Worker-100: Launching LogExample - LogExampleApplication] INFO  o.a.m.s.f.DefaultMavenResourcesFiltering - skip non existing resourceDirectory C:\Users\A\Desktop\LogInEx\LogExample\src\test\resources
2024-12-09 03:27:56,158 [Worker-107: Launching LogExample - LogExampleApplication] INFO  o.a.m.s.f.DefaultMavenResourcesFiltering - Copying 1 resource from src\main\resources to target\classes
2024-12-09 03:27:56,166 [Worker-107: Launching LogExample - LogExampleApplication] INFO  o.a.m.s.f.DefaultMavenResourcesFiltering - Copying 0 resource from src\main\resources to target\classes
2024-12-09 03:27:56,169 [Worker-107: Launching LogExample - LogExampleApplication] INFO  o.a.m.s.f.DefaultMavenResourcesFiltering - skip non existing resourceDirectory C:\Users\A\Desktop\LogInEx\LogExample\src\test\resources
2024-12-09 03:28:48,142 [Worker-103: Launching LogExample - LogExampleApplication] INFO  o.a.m.s.f.DefaultMavenResourcesFiltering - Copying 1 resource from src\main\resources to target\classes
2024-12-09 03:28:48,149 [Worker-103: Launching LogExample - LogExampleApplication] INFO  o.a.m.s.f.DefaultMavenResourcesFiltering - Copying 0 resource from src\main\resources to target\classes
2024-12-09 03:28:48,152 [Worker-103: Launching LogExample - LogExampleApplication] INFO  o.a.m.s.f.DefaultMavenResourcesFiltering - skip non existing resourceDirectory C:\Users\A\Desktop\LogInEx\LogExample\src\test\resources
2024-12-09 03:31:48,405 [Worker-102: Launching LogExample - LogExampleApplication] INFO  o.a.m.s.f.DefaultMavenResourcesFiltering - Copying 1 resource from src\main\resources to target\classes
2024-12-09 03:31:48,415 [Worker-102: Launching LogExample - LogExampleApplication] INFO  o.a.m.s.f.DefaultMavenResourcesFiltering - Copying 0 resource from src\main\resources to target\classes
2024-12-09 03:31:48,418 [Worker-102: Launching LogExample - LogExampleApplication] INFO  o.a.m.s.f.DefaultMavenResourcesFiltering - skip non existing resourceDirectory C:\Users\A\Desktop\LogInEx\LogExample\src\test\resources
2024-12-09 03:41:15,863 [Worker-113: Launching LogExample - LogExampleApplication] INFO  o.a.m.s.f.DefaultMavenResourcesFiltering - Copying 1 resource from src\main\resources to target\classes
2024-12-09 03:41:15,870 [Worker-113: Launching LogExample - LogExampleApplication] INFO  o.a.m.s.f.DefaultMavenResourcesFiltering - Copying 0 resource from src\main\resources to target\classes
2024-12-09 03:41:15,872 [Worker-113: Launching LogExample - LogExampleApplication] INFO  o.a.m.s.f.DefaultMavenResourcesFiltering - skip non existing resourceDirectory C:\Users\A\Desktop\LogInEx\LogExample\src\test\resources
2024-12-09 03:51:29,404 [Worker-118: Launching LogExample - LogExampleApplication] INFO  o.a.m.s.f.DefaultMavenResourcesFiltering - Copying 1 resource from src\main\resources to target\classes
2024-12-09 03:51:29,412 [Worker-118: Launching LogExample - LogExampleApplication] INFO  o.a.m.s.f.DefaultMavenResourcesFiltering - Copying 0 resource from src\main\resources to target\classes
2024-12-09 03:51:29,414 [Worker-118: Launching LogExample - LogExampleApplication] INFO  o.a.m.s.f.DefaultMavenResourcesFiltering - skip non existing resourceDirectory C:\Users\A\Desktop\LogInEx\LogExample\src\test\resources
2024-12-09 03:55:15,633 [Worker-112: Launching LogExample - LogExampleApplication] INFO  o.a.m.s.f.DefaultMavenResourcesFiltering - Copying 1 resource from src\main\resources to target\classes
2024-12-09 03:55:15,641 [Worker-112: Launching LogExample - LogExampleApplication] INFO  o.a.m.s.f.DefaultMavenResourcesFiltering - Copying 0 resource from src\main\resources to target\classes
2024-12-09 03:55:15,644 [Worker-112: Launching LogExample - LogExampleApplication] INFO  o.a.m.s.f.DefaultMavenResourcesFiltering - skip non existing resourceDirectory C:\Users\A\Desktop\LogInEx\LogExample\src\test\resources
2024-12-09 05:23:36,627 [Worker-126: Launching LogExample - LogExampleApplication] INFO  o.a.m.s.f.DefaultMavenResourcesFiltering - Copying 1 resource from src\main\resources to target\classes
2024-12-09 05:23:36,643 [Worker-126: Launching LogExample - LogExampleApplication] INFO  o.a.m.s.f.DefaultMavenResourcesFiltering - Copying 0 resource from src\main\resources to target\classes
2024-12-09 05:23:36,647 [Worker-126: Launching LogExample - LogExampleApplication] INFO  o.a.m.s.f.DefaultMavenResourcesFiltering - skip non existing resourceDirectory C:\Users\A\Desktop\LogInEx\LogExample\src\test\resources
2024-12-09 05:49:50,684 [Worker-127: Launching LogExample - LogExampleApplication] INFO  o.a.m.s.f.DefaultMavenResourcesFiltering - Copying 1 resource from src\main\resources to target\classes
2024-12-09 05:49:50,698 [Worker-127: Launching LogExample - LogExampleApplication] INFO  o.a.m.s.f.DefaultMavenResourcesFiltering - Copying 0 resource from src\main\resources to target\classes
2024-12-09 05:49:50,700 [Worker-127: Launching LogExample - LogExampleApplication] INFO  o.a.m.s.f.DefaultMavenResourcesFiltering - skip non existing resourceDirectory C:\Users\A\Desktop\LogInEx\LogExample\src\test\resources
2024-12-09 06:18:09,178 [Worker-142: Launching LogExample - LogExampleApplication] INFO  o.a.m.s.f.DefaultMavenResourcesFiltering - Copying 1 resource from src\main\resources to target\classes
2024-12-09 06:18:09,188 [Worker-142: Launching LogExample - LogExampleApplication] INFO  o.a.m.s.f.DefaultMavenResourcesFiltering - Copying 0 resource from src\main\resources to target\classes
2024-12-09 06:18:09,191 [Worker-142: Launching LogExample - LogExampleApplication] INFO  o.a.m.s.f.DefaultMavenResourcesFiltering - skip non existing resourceDirectory C:\Users\A\Desktop\LogInEx\LogExample\src\test\resources
2024-12-09 06:28:43,401 [Worker-147: Launching LogExample - LogExampleApplication] INFO  o.a.m.s.f.DefaultMavenResourcesFiltering - Copying 1 resource from src\main\resources to target\classes
2024-12-09 06:28:43,410 [Worker-147: Launching LogExample - LogExampleApplication] INFO  o.a.m.s.f.DefaultMavenResourcesFiltering - Copying 0 resource from src\main\resources to target\classes
2024-12-09 06:28:43,413 [Worker-147: Launching LogExample - LogExampleApplication] INFO  o.a.m.s.f.DefaultMavenResourcesFiltering - skip non existing resourceDirectory C:\Users\A\Desktop\LogInEx\LogExample\src\test\resources
2024-12-09 06:29:50,045 [Worker-143: Launching LogExample - LogExampleApplication] INFO  o.a.m.s.f.DefaultMavenResourcesFiltering - Copying 1 resource from src\main\resources to target\classes
2024-12-09 06:29:50,050 [Worker-143: Launching LogExample - LogExampleApplication] INFO  o.a.m.s.f.DefaultMavenResourcesFiltering - Copying 0 resource from src\main\resources to target\classes
2024-12-09 06:29:50,053 [Worker-143: Launching LogExample - LogExampleApplication] INFO  o.a.m.s.f.DefaultMavenResourcesFiltering - skip non existing resourceDirectory C:\Users\A\Desktop\LogInEx\LogExample\src\test\resources
2024-12-09 06:56:40,281 [Worker-147: Launching LogExample - LogExampleApplication] INFO  o.a.m.s.f.DefaultMavenResourcesFiltering - Copying 1 resource from src\main\resources to target\classes
2024-12-09 06:56:40,319 [Worker-147: Launching LogExample - LogExampleApplication] INFO  o.a.m.s.f.DefaultMavenResourcesFiltering - Copying 0 resource from src\main\resources to target\classes
2024-12-09 06:56:40,321 [Worker-147: Launching LogExample - LogExampleApplication] INFO  o.a.m.s.f.DefaultMavenResourcesFiltering - skip non existing resourceDirectory C:\Users\A\Desktop\LogInEx\LogExample\src\test\resources
2024-12-09 07:20:15,341 [Worker-168: Launching LogExample - LogExampleApplication] INFO  o.a.m.s.f.DefaultMavenResourcesFiltering - Copying 1 resource from src\main\resources to target\classes
2024-12-09 07:20:15,356 [Worker-168: Launching LogExample - LogExampleApplication] INFO  o.a.m.s.f.DefaultMavenResourcesFiltering - Copying 0 resource from src\main\resources to target\classes
2024-12-09 07:20:15,359 [Worker-168: Launching LogExample - LogExampleApplication] INFO  o.a.m.s.f.DefaultMavenResourcesFiltering - skip non existing resourceDirectory C:\Users\A\Desktop\LogInEx\LogExample\src\test\resources
2024-12-09 07:36:04,442 [Worker-172: Building] INFO  o.a.m.s.f.DefaultMavenResourcesFiltering - Copying 1 resource from src\main\resources to target\classes
2024-12-09 07:36:04,444 [Worker-172: Building] INFO  o.a.m.s.f.DefaultMavenResourcesFiltering - Copying 0 resource from src\main\resources to target\classes
2024-12-09 07:36:04,446 [Worker-172: Building] INFO  o.a.m.s.f.DefaultMavenResourcesFiltering - skip non existing resourceDirectory C:\Users\A\Desktop\LogInEx\LogExample\src\test\resources
2024-12-09 07:36:57,324 [Worker-177: Launching LogExample - LogExampleApplication] INFO  o.e.m.c.i.l.LifecycleMappingFactory - Using org.eclipse.m2e.jdt.JarLifecycleMapping lifecycle mapping for MavenProject: com.example:LogExample:0.0.1-SNAPSHOT @ C:\Users\A\Desktop\LogInEx\LogExample\pom.xml.
2024-12-09 07:36:57,661 [Worker-177: Launching LogExample - LogExampleApplication] INFO  o.e.m.c.i.e.AbstractTransferListenerAdapter - Downloading https://repo.maven.apache.org/maven2/com/fasterxml/jackson/core/jackson-databind/2.15.2/jackson-databind-2.15.2.pom
2024-12-09 07:36:57,673 [Worker-177: Launching LogExample - LogExampleApplication] INFO  o.e.m.c.i.e.AbstractTransferListenerAdapter - Downloaded https://repo.maven.apache.org/maven2/com/fasterxml/jackson/core/jackson-databind/2.15.2/jackson-databind-2.15.2.pom
2024-12-09 07:36:57,691 [Worker-177: Launching LogExample - LogExampleApplication] INFO  o.e.m.c.i.e.AbstractTransferListenerAdapter - Downloading https://repo.maven.apache.org/maven2/com/fasterxml/jackson/jackson-base/2.15.2/jackson-base-2.15.2.pom
2024-12-09 07:36:57,696 [Worker-177: Launching LogExample - LogExampleApplication] INFO  o.e.m.c.i.e.AbstractTransferListenerAdapter - Downloaded https://repo.maven.apache.org/maven2/com/fasterxml/jackson/jackson-base/2.15.2/jackson-base-2.15.2.pom
2024-12-09 07:36:57,934 [Worker-177: Launching LogExample - LogExampleApplication] INFO  o.e.m.c.i.e.AbstractTransferListenerAdapter - Downloading https://repo.maven.apache.org/maven2/com/fasterxml/jackson/core/jackson-databind/2.15.2/jackson-databind-2.15.2.jar
2024-12-09 07:36:58,098 [Worker-177: Launching LogExample - LogExampleApplication] INFO  o.e.m.c.i.e.AbstractTransferListenerAdapter - Downloaded https://repo.maven.apache.org/maven2/com/fasterxml/jackson/core/jackson-databind/2.15.2/jackson-databind-2.15.2.jar
2024-12-09 07:36:58,421 [Worker-177: Launching LogExample - LogExampleApplication] INFO  o.a.m.s.f.DefaultMavenResourcesFiltering - Copying 1 resource from src\main\resources to target\classes
2024-12-09 07:36:58,437 [Worker-177: Launching LogExample - LogExampleApplication] INFO  o.a.m.s.f.DefaultMavenResourcesFiltering - Copying 0 resource from src\main\resources to target\classes
2024-12-09 07:36:58,441 [Worker-177: Launching LogExample - LogExampleApplication] INFO  o.a.m.s.f.DefaultMavenResourcesFiltering - skip non existing resourceDirectory C:\Users\A\Desktop\LogInEx\LogExample\src\test\resources
2024-12-09 07:36:59,307 [Worker-172: Download sources and javadoc] INFO  o.e.m.c.i.e.AbstractTransferListenerAdapter - Downloading https://repo.maven.apache.org/maven2/com/fasterxml/jackson/core/jackson-databind/2.15.2/jackson-databind-2.15.2-sources.jar
2024-12-09 07:36:59,387 [Worker-172: Download sources and javadoc] INFO  o.e.m.c.i.e.AbstractTransferListenerAdapter - Downloaded https://repo.maven.apache.org/maven2/com/fasterxml/jackson/core/jackson-databind/2.15.2/jackson-databind-2.15.2-sources.jar
2024-12-09 07:36:59,393 [Worker-172: Download sources and javadoc] INFO  o.e.m.j.internal.DownloadSourcesJob - Downloaded sources for com.fasterxml.jackson.core:jackson-databind:2.15.2
2024-12-09 07:38:27,835 [Worker-164: Building] INFO  o.a.m.s.f.DefaultMavenResourcesFiltering - Copying 1 resource from src\main\resources to target\classes
2024-12-09 07:38:27,843 [Worker-164: Building] INFO  o.a.m.s.f.DefaultMavenResourcesFiltering - Copying 0 resource from src\main\resources to target\classes
2024-12-09 07:38:27,845 [Worker-164: Building] INFO  o.a.m.s.f.DefaultMavenResourcesFiltering - skip non existing resourceDirectory C:\Users\A\Desktop\LogInEx\LogExample\src\test\resources
2024-12-09 07:38:35,546 [Worker-180: Building] INFO  o.a.m.s.f.DefaultMavenResourcesFiltering - Copying 1 resource from src\main\resources to target\classes
2024-12-09 07:38:35,548 [Worker-180: Building] INFO  o.a.m.s.f.DefaultMavenResourcesFiltering - Copying 0 resource from src\main\resources to target\classes
2024-12-09 07:38:35,550 [Worker-180: Building] INFO  o.a.m.s.f.DefaultMavenResourcesFiltering - skip non existing resourceDirectory C:\Users\A\Desktop\LogInEx\LogExample\src\test\resources
2024-12-09 07:52:15,892 [Worker-179: Launching LogExample - LogExampleApplication] INFO  o.a.m.s.f.DefaultMavenResourcesFiltering - Copying 1 resource from src\main\resources to target\classes
2024-12-09 07:52:15,914 [Worker-179: Launching LogExample - LogExampleApplication] INFO  o.a.m.s.f.DefaultMavenResourcesFiltering - Copying 0 resource from src\main\resources to target\classes
2024-12-09 07:52:15,917 [Worker-179: Launching LogExample - LogExampleApplication] INFO  o.a.m.s.f.DefaultMavenResourcesFiltering - skip non existing resourceDirectory C:\Users\A\Desktop\LogInEx\LogExample\src\test\resources
2024-12-09 07:58:07,201 [Worker-185: Launching LogExample - LogExampleApplication] INFO  o.a.m.s.f.DefaultMavenResourcesFiltering - Copying 1 resource from src\main\resources to target\classes
2024-12-09 07:58:07,211 [Worker-185: Launching LogExample - LogExampleApplication] INFO  o.a.m.s.f.DefaultMavenResourcesFiltering - Copying 0 resource from src\main\resources to target\classes
2024-12-09 07:58:07,213 [Worker-185: Launching LogExample - LogExampleApplication] INFO  o.a.m.s.f.DefaultMavenResourcesFiltering - skip non existing resourceDirectory C:\Users\A\Desktop\LogInEx\LogExample\src\test\resources
2024-12-09 08:05:19,281 [Worker-182: Building] INFO  o.a.m.s.f.DefaultMavenResourcesFiltering - Copying 1 resource from src\main\resources to target\classes
2024-12-09 08:05:19,287 [Worker-182: Building] INFO  o.a.m.s.f.DefaultMavenResourcesFiltering - Copying 0 resource from src\main\resources to target\classes
2024-12-09 08:05:19,289 [Worker-182: Building] INFO  o.a.m.s.f.DefaultMavenResourcesFiltering - skip non existing resourceDirectory C:\Users\A\Desktop\LogInEx\LogExample\src\test\resources
2024-12-09 18:20:00,338 [Worker-214: Launching LogExample - LogExampleApplication] INFO  o.a.m.s.f.DefaultMavenResourcesFiltering - Copying 1 resource from src\main\resources to target\classes
2024-12-09 18:20:00,356 [Worker-214: Launching LogExample - LogExampleApplication] INFO  o.a.m.s.f.DefaultMavenResourcesFiltering - Copying 0 resource from src\main\resources to target\classes
2024-12-09 18:20:00,359 [Worker-214: Launching LogExample - LogExampleApplication] INFO  o.a.m.s.f.DefaultMavenResourcesFiltering - skip non existing resourceDirectory C:\Users\A\Desktop\LogInEx\LogExample\src\test\resources
2024-12-09 18:22:58,614 [Worker-215: Launching LogExample - LogExampleApplication] INFO  o.a.m.s.f.DefaultMavenResourcesFiltering - Copying 1 resource from src\main\resources to target\classes
2024-12-09 18:22:58,628 [Worker-215: Launching LogExample - LogExampleApplication] INFO  o.a.m.s.f.DefaultMavenResourcesFiltering - Copying 0 resource from src\main\resources to target\classes
2024-12-09 18:22:58,633 [Worker-215: Launching LogExample - LogExampleApplication] INFO  o.a.m.s.f.DefaultMavenResourcesFiltering - skip non existing resourceDirectory C:\Users\A\Desktop\LogInEx\LogExample\src\test\resources
2024-12-09 19:06:52,825 [Worker-216: Launching LogExample - LogExampleApplication] INFO  o.a.m.s.f.DefaultMavenResourcesFiltering - Copying 1 resource from src\main\resources to target\classes
2024-12-09 19:06:52,841 [Worker-216: Launching LogExample - LogExampleApplication] INFO  o.a.m.s.f.DefaultMavenResourcesFiltering - Copying 0 resource from src\main\resources to target\classes
2024-12-09 19:06:52,844 [Worker-216: Launching LogExample - LogExampleApplication] INFO  o.a.m.s.f.DefaultMavenResourcesFiltering - skip non existing resourceDirectory C:\Users\A\Desktop\LogInEx\LogExample\src\test\resources
2024-12-09 20:17:06,620 [Worker-226: Building] INFO  o.a.m.s.f.DefaultMavenResourcesFiltering - Copying 1 resource from src\main\resources to target\classes
2024-12-09 20:17:06,652 [Worker-226: Building] INFO  o.a.m.s.f.DefaultMavenResourcesFiltering - Copying 0 resource from src\main\resources to target\classes
2024-12-09 20:17:06,654 [Worker-226: Building] INFO  o.a.m.s.f.DefaultMavenResourcesFiltering - skip non existing resourceDirectory C:\Users\A\Desktop\LogInEx\LogExample\src\test\resources
2024-12-09 20:17:55,022 [Worker-227: Building] INFO  o.a.m.s.f.DefaultMavenResourcesFiltering - Copying 1 resource from src\main\resources to target\classes
2024-12-09 20:17:55,047 [Worker-227: Building] INFO  o.a.m.s.f.DefaultMavenResourcesFiltering - Copying 0 resource from src\main\resources to target\classes
2024-12-09 20:17:55,050 [Worker-227: Building] INFO  o.a.m.s.f.DefaultMavenResourcesFiltering - skip non existing resourceDirectory C:\Users\A\Desktop\LogInEx\LogExample\src\test\resources
2024-12-09 20:18:40,169 [Worker-228: Launching LogExample - LogExampleApplication] INFO  o.a.m.s.f.DefaultMavenResourcesFiltering - Copying 1 resource from src\main\resources to target\classes
2024-12-09 20:18:40,175 [Worker-228: Launching LogExample - LogExampleApplication] INFO  o.a.m.s.f.DefaultMavenResourcesFiltering - Copying 0 resource from src\main\resources to target\classes
2024-12-09 20:18:40,178 [Worker-228: Launching LogExample - LogExampleApplication] INFO  o.a.m.s.f.DefaultMavenResourcesFiltering - skip non existing resourceDirectory C:\Users\A\Desktop\LogInEx\LogExample\src\test\resources
2024-12-09 20:54:16,633 [Worker-210: Launching LogExample - LogExampleApplication] INFO  o.a.m.s.f.DefaultMavenResourcesFiltering - Copying 1 resource from src\main\resources to target\classes
2024-12-09 20:54:16,644 [Worker-210: Launching LogExample - LogExampleApplication] INFO  o.a.m.s.f.DefaultMavenResourcesFiltering - Copying 0 resource from src\main\resources to target\classes
2024-12-09 20:54:16,648 [Worker-210: Launching LogExample - LogExampleApplication] INFO  o.a.m.s.f.DefaultMavenResourcesFiltering - skip non existing resourceDirectory C:\Users\A\Desktop\LogInEx\LogExample\src\test\resources
2024-12-09 21:02:20,548 [Worker-232: Launching LogExample - LogExampleApplication] INFO  o.a.m.s.f.DefaultMavenResourcesFiltering - Copying 1 resource from src\main\resources to target\classes
2024-12-09 21:02:20,555 [Worker-232: Launching LogExample - LogExampleApplication] INFO  o.a.m.s.f.DefaultMavenResourcesFiltering - Copying 0 resource from src\main\resources to target\classes
2024-12-09 21:02:20,559 [Worker-232: Launching LogExample - LogExampleApplication] INFO  o.a.m.s.f.DefaultMavenResourcesFiltering - skip non existing resourceDirectory C:\Users\A\Desktop\LogInEx\LogExample\src\test\resources
2024-12-09 21:20:31,808 [Worker-234: Launching LogExample - LogExampleApplication] INFO  o.a.m.s.f.DefaultMavenResourcesFiltering - Copying 1 resource from src\main\resources to target\classes
2024-12-09 21:20:31,817 [Worker-234: Launching LogExample - LogExampleApplication] INFO  o.a.m.s.f.DefaultMavenResourcesFiltering - Copying 0 resource from src\main\resources to target\classes
2024-12-09 21:20:31,820 [Worker-234: Launching LogExample - LogExampleApplication] INFO  o.a.m.s.f.DefaultMavenResourcesFiltering - skip non existing resourceDirectory C:\Users\A\Desktop\LogInEx\LogExample\src\test\resources
2024-12-09 21:36:00,649 [Worker-241: Launching LogExample - LogExampleApplication] INFO  o.a.m.s.f.DefaultMavenResourcesFiltering - Copying 1 resource from src\main\resources to target\classes
2024-12-09 21:36:00,659 [Worker-241: Launching LogExample - LogExampleApplication] INFO  o.a.m.s.f.DefaultMavenResourcesFiltering - Copying 0 resource from src\main\resources to target\classes
2024-12-09 21:36:00,662 [Worker-241: Launching LogExample - LogExampleApplication] INFO  o.a.m.s.f.DefaultMavenResourcesFiltering - skip non existing resourceDirectory C:\Users\A\Desktop\LogInEx\LogExample\src\test\resources
2024-12-09 22:02:45,223 [Worker-245: Launching LogExample - LogExampleApplication] INFO  o.a.m.s.f.DefaultMavenResourcesFiltering - Copying 1 resource from src\main\resources to target\classes
2024-12-09 22:02:45,245 [Worker-245: Launching LogExample - LogExampleApplication] INFO  o.a.m.s.f.DefaultMavenResourcesFiltering - Copying 0 resource from src\main\resources to target\classes
2024-12-09 22:02:45,254 [Worker-245: Launching LogExample - LogExampleApplication] INFO  o.a.m.s.f.DefaultMavenResourcesFiltering - skip non existing resourceDirectory C:\Users\A\Desktop\LogInEx\LogExample\src\test\resources
2024-12-09 22:25:54,507 [Worker-250: Launching LogExample - LogExampleApplication] INFO  o.a.m.s.f.DefaultMavenResourcesFiltering - Copying 1 resource from src\main\resources to target\classes
2024-12-09 22:25:54,516 [Worker-250: Launching LogExample - LogExampleApplication] INFO  o.a.m.s.f.DefaultMavenResourcesFiltering - Copying 0 resource from src\main\resources to target\classes
2024-12-09 22:25:54,518 [Worker-250: Launching LogExample - LogExampleApplication] INFO  o.a.m.s.f.DefaultMavenResourcesFiltering - skip non existing resourceDirectory C:\Users\A\Desktop\LogInEx\LogExample\src\test\resources
2024-12-09 22:42:47,770 [Worker-253: Building] INFO  o.a.m.s.f.DefaultMavenResourcesFiltering - Copying 1 resource from src\main\resources to target\classes
2024-12-09 22:42:47,783 [Worker-253: Building] INFO  o.a.m.s.f.DefaultMavenResourcesFiltering - Copying 0 resource from src\main\resources to target\classes
2024-12-09 22:42:47,785 [Worker-253: Building] INFO  o.a.m.s.f.DefaultMavenResourcesFiltering - skip non existing resourceDirectory C:\Users\A\Desktop\LogInEx\LogExample\src\test\resources
2024-12-09 22:43:34,372 [Worker-253: Building] INFO  o.a.m.s.f.DefaultMavenResourcesFiltering - Copying 1 resource from src\main\resources to target\classes
2024-12-09 22:43:34,379 [Worker-253: Building] INFO  o.a.m.s.f.DefaultMavenResourcesFiltering - Copying 0 resource from src\main\resources to target\classes
2024-12-09 22:43:34,382 [Worker-253: Building] INFO  o.a.m.s.f.DefaultMavenResourcesFiltering - skip non existing resourceDirectory C:\Users\A\Desktop\LogInEx\LogExample\src\test\resources
2024-12-09 22:43:59,404 [Worker-250: Building] INFO  o.a.m.s.f.DefaultMavenResourcesFiltering - Copying 1 resource from src\main\resources to target\classes
2024-12-09 22:43:59,409 [Worker-250: Building] INFO  o.a.m.s.f.DefaultMavenResourcesFiltering - Copying 0 resource from src\main\resources to target\classes
2024-12-09 22:43:59,412 [Worker-250: Building] INFO  o.a.m.s.f.DefaultMavenResourcesFiltering - skip non existing resourceDirectory C:\Users\A\Desktop\LogInEx\LogExample\src\test\resources
2024-12-09 22:45:49,152 [Worker-257: Launching LogExample - LogExampleApplication] INFO  o.a.m.s.f.DefaultMavenResourcesFiltering - Copying 1 resource from src\main\resources to target\classes
2024-12-09 22:45:49,158 [Worker-257: Launching LogExample - LogExampleApplication] INFO  o.a.m.s.f.DefaultMavenResourcesFiltering - Copying 0 resource from src\main\resources to target\classes
2024-12-09 22:45:49,160 [Worker-257: Launching LogExample - LogExampleApplication] INFO  o.a.m.s.f.DefaultMavenResourcesFiltering - skip non existing resourceDirectory C:\Users\A\Desktop\LogInEx\LogExample\src\test\resources
2024-12-09 22:51:50,460 [Worker-257: Launching LogExample - LogExampleApplication] INFO  o.a.m.s.f.DefaultMavenResourcesFiltering - Copying 1 resource from src\main\resources to target\classes
2024-12-09 22:51:50,468 [Worker-257: Launching LogExample - LogExampleApplication] INFO  o.a.m.s.f.DefaultMavenResourcesFiltering - Copying 0 resource from src\main\resources to target\classes
2024-12-09 22:51:50,471 [Worker-257: Launching LogExample - LogExampleApplication] INFO  o.a.m.s.f.DefaultMavenResourcesFiltering - skip non existing resourceDirectory C:\Users\A\Desktop\LogInEx\LogExample\src\test\resources
2024-12-09 22:52:54,423 [Worker-261: Launching LogExample - LogExampleApplication] INFO  o.a.m.s.f.DefaultMavenResourcesFiltering - Copying 1 resource from src\main\resources to target\classes
2024-12-09 22:52:54,433 [Worker-261: Launching LogExample - LogExampleApplication] INFO  o.a.m.s.f.DefaultMavenResourcesFiltering - Copying 0 resource from src\main\resources to target\classes
2024-12-09 22:52:54,437 [Worker-261: Launching LogExample - LogExampleApplication] INFO  o.a.m.s.f.DefaultMavenResourcesFiltering - skip non existing resourceDirectory C:\Users\A\Desktop\LogInEx\LogExample\src\test\resources
2024-12-09 22:59:13,315 [Worker-263: Launching LogExample - LogExampleApplication] INFO  o.a.m.s.f.DefaultMavenResourcesFiltering - Copying 1 resource from src\main\resources to target\classes
2024-12-09 22:59:13,333 [Worker-263: Launching LogExample - LogExampleApplication] INFO  o.a.m.s.f.DefaultMavenResourcesFiltering - Copying 0 resource from src\main\resources to target\classes
2024-12-09 22:59:13,337 [Worker-263: Launching LogExample - LogExampleApplication] INFO  o.a.m.s.f.DefaultMavenResourcesFiltering - skip non existing resourceDirectory C:\Users\A\Desktop\LogInEx\LogExample\src\test\resources
2024-12-09 23:25:51,646 [Worker-263: Launching LogExample - LogExampleApplication] INFO  o.a.m.s.f.DefaultMavenResourcesFiltering - Copying 1 resource from src\main\resources to target\classes
2024-12-09 23:25:51,660 [Worker-263: Launching LogExample - LogExampleApplication] INFO  o.a.m.s.f.DefaultMavenResourcesFiltering - Copying 0 resource from src\main\resources to target\classes
2024-12-09 23:25:51,663 [Worker-263: Launching LogExample - LogExampleApplication] INFO  o.a.m.s.f.DefaultMavenResourcesFiltering - skip non existing resourceDirectory C:\Users\A\Desktop\LogInEx\LogExample\src\test\resources
2024-12-09 23:28:08,212 [Worker-263: Launching LogExample - LogExampleApplication] INFO  o.a.m.s.f.DefaultMavenResourcesFiltering - Copying 1 resource from src\main\resources to target\classes
2024-12-09 23:28:08,220 [Worker-263: Launching LogExample - LogExampleApplication] INFO  o.a.m.s.f.DefaultMavenResourcesFiltering - Copying 0 resource from src\main\resources to target\classes
2024-12-09 23:28:08,223 [Worker-263: Launching LogExample - LogExampleApplication] INFO  o.a.m.s.f.DefaultMavenResourcesFiltering - skip non existing resourceDirectory C:\Users\A\Desktop\LogInEx\LogExample\src\test\resources
2024-12-09 23:44:31,477 [Worker-268: Launching LogExample - LogExampleApplication] INFO  o.a.m.s.f.DefaultMavenResourcesFiltering - Copying 1 resource from src\main\resources to target\classes
2024-12-09 23:44:31,488 [Worker-268: Launching LogExample - LogExampleApplication] INFO  o.a.m.s.f.DefaultMavenResourcesFiltering - Copying 0 resource from src\main\resources to target\classes
2024-12-09 23:44:31,491 [Worker-268: Launching LogExample - LogExampleApplication] INFO  o.a.m.s.f.DefaultMavenResourcesFiltering - skip non existing resourceDirectory C:\Users\A\Desktop\LogInEx\LogExample\src\test\resources
2024-12-10 00:22:50,447 [Worker-277: Launching LogExample - LogExampleApplication] INFO  o.a.m.s.f.DefaultMavenResourcesFiltering - Copying 1 resource from src\main\resources to target\classes
2024-12-10 00:22:50,468 [Worker-277: Launching LogExample - LogExampleApplication] INFO  o.a.m.s.f.DefaultMavenResourcesFiltering - Copying 0 resource from src\main\resources to target\classes
2024-12-10 00:22:50,471 [Worker-277: Launching LogExample - LogExampleApplication] INFO  o.a.m.s.f.DefaultMavenResourcesFiltering - skip non existing resourceDirectory C:\Users\A\Desktop\LogInEx\LogExample\src\test\resources
2024-12-10 00:36:45,716 [Worker-282: Launching LogExample - LogExampleApplication] INFO  o.a.m.s.f.DefaultMavenResourcesFiltering - Copying 1 resource from src\main\resources to target\classes
2024-12-10 00:36:45,724 [Worker-282: Launching LogExample - LogExampleApplication] INFO  o.a.m.s.f.DefaultMavenResourcesFiltering - Copying 0 resource from src\main\resources to target\classes
2024-12-10 00:36:45,727 [Worker-282: Launching LogExample - LogExampleApplication] INFO  o.a.m.s.f.DefaultMavenResourcesFiltering - skip non existing resourceDirectory C:\Users\A\Desktop\LogInEx\LogExample\src\test\resources
2024-12-10 01:38:00,318 [Worker-288: Launching LogExample - LogExampleApplication] INFO  o.a.m.s.f.DefaultMavenResourcesFiltering - Copying 1 resource from src\main\resources to target\classes
2024-12-10 01:38:00,397 [Worker-288: Launching LogExample - LogExampleApplication] INFO  o.a.m.s.f.DefaultMavenResourcesFiltering - Copying 0 resource from src\main\resources to target\classes
2024-12-10 01:38:00,402 [Worker-288: Launching LogExample - LogExampleApplication] INFO  o.a.m.s.f.DefaultMavenResourcesFiltering - skip non existing resourceDirectory C:\Users\A\Desktop\LogInEx\LogExample\src\test\resources
2024-12-10 01:50:01,706 [Worker-288: Launching LogExample - LogExampleApplication] INFO  o.a.m.s.f.DefaultMavenResourcesFiltering - Copying 1 resource from src\main\resources to target\classes
2024-12-10 01:50:01,714 [Worker-288: Launching LogExample - LogExampleApplication] INFO  o.a.m.s.f.DefaultMavenResourcesFiltering - Copying 0 resource from src\main\resources to target\classes
2024-12-10 01:50:01,718 [Worker-288: Launching LogExample - LogExampleApplication] INFO  o.a.m.s.f.DefaultMavenResourcesFiltering - skip non existing resourceDirectory C:\Users\A\Desktop\LogInEx\LogExample\src\test\resources
2024-12-10 01:59:02,022 [Worker-293: Launching LogExample - LogExampleApplication] INFO  o.a.m.s.f.DefaultMavenResourcesFiltering - Copying 1 resource from src\main\resources to target\classes
2024-12-10 01:59:02,032 [Worker-293: Launching LogExample - LogExampleApplication] INFO  o.a.m.s.f.DefaultMavenResourcesFiltering - Copying 0 resource from src\main\resources to target\classes
2024-12-10 01:59:02,033 [Worker-293: Launching LogExample - LogExampleApplication] INFO  o.a.m.s.f.DefaultMavenResourcesFiltering - skip non existing resourceDirectory C:\Users\A\Desktop\LogInEx\LogExample\src\test\resources
2024-12-10 02:02:27,338 [Worker-289: Launching LogExample - LogExampleApplication] INFO  o.a.m.s.f.DefaultMavenResourcesFiltering - Copying 1 resource from src\main\resources to target\classes
2024-12-10 02:02:27,348 [Worker-289: Launching LogExample - LogExampleApplication] INFO  o.a.m.s.f.DefaultMavenResourcesFiltering - Copying 0 resource from src\main\resources to target\classes
2024-12-10 02:02:27,351 [Worker-289: Launching LogExample - LogExampleApplication] INFO  o.a.m.s.f.DefaultMavenResourcesFiltering - skip non existing resourceDirectory C:\Users\A\Desktop\LogInEx\LogExample\src\test\resources
2024-12-10 02:15:54,234 [Worker-297: Launching LogExample - LogExampleApplication] INFO  o.a.m.s.f.DefaultMavenResourcesFiltering - Copying 1 resource from src\main\resources to target\classes
2024-12-10 02:15:54,249 [Worker-297: Launching LogExample - LogExampleApplication] INFO  o.a.m.s.f.DefaultMavenResourcesFiltering - Copying 0 resource from src\main\resources to target\classes
2024-12-10 02:15:54,253 [Worker-297: Launching LogExample - LogExampleApplication] INFO  o.a.m.s.f.DefaultMavenResourcesFiltering - skip non existing resourceDirectory C:\Users\A\Desktop\LogInEx\LogExample\src\test\resources
2024-12-10 02:34:22,666 [Worker-302: Launching LogExample - LogExampleApplication] INFO  o.a.m.s.f.DefaultMavenResourcesFiltering - Copying 1 resource from src\main\resources to target\classes
2024-12-10 02:34:22,683 [Worker-302: Launching LogExample - LogExampleApplication] INFO  o.a.m.s.f.DefaultMavenResourcesFiltering - Copying 0 resource from src\main\resources to target\classes
2024-12-10 02:34:22,685 [Worker-302: Launching LogExample - LogExampleApplication] INFO  o.a.m.s.f.DefaultMavenResourcesFiltering - skip non existing resourceDirectory C:\Users\A\Desktop\LogInEx\LogExample\src\test\resources
2024-12-10 02:40:12,473 [Worker-304: Launching LogExample - LogExampleApplication] INFO  o.a.m.s.f.DefaultMavenResourcesFiltering - Copying 1 resource from src\main\resources to target\classes
2024-12-10 02:40:12,480 [Worker-304: Launching LogExample - LogExampleApplication] INFO  o.a.m.s.f.DefaultMavenResourcesFiltering - Copying 0 resource from src\main\resources to target\classes
2024-12-10 02:40:12,483 [Worker-304: Launching LogExample - LogExampleApplication] INFO  o.a.m.s.f.DefaultMavenResourcesFiltering - skip non existing resourceDirectory C:\Users\A\Desktop\LogInEx\LogExample\src\test\resources
2024-12-10 02:42:54,464 [Worker-312: Launching LogExample - LogExampleApplication] INFO  o.a.m.s.f.DefaultMavenResourcesFiltering - Copying 1 resource from src\main\resources to target\classes
2024-12-10 02:42:54,473 [Worker-312: Launching LogExample - LogExampleApplication] INFO  o.a.m.s.f.DefaultMavenResourcesFiltering - Copying 0 resource from src\main\resources to target\classes
2024-12-10 02:42:54,476 [Worker-312: Launching LogExample - LogExampleApplication] INFO  o.a.m.s.f.DefaultMavenResourcesFiltering - skip non existing resourceDirectory C:\Users\A\Desktop\LogInEx\LogExample\src\test\resources
2024-12-10 02:47:43,722 [Worker-307: Launching LogExample - LogExampleApplication] INFO  o.a.m.s.f.DefaultMavenResourcesFiltering - Copying 1 resource from src\main\resources to target\classes
2024-12-10 02:47:43,729 [Worker-307: Launching LogExample - LogExampleApplication] INFO  o.a.m.s.f.DefaultMavenResourcesFiltering - Copying 0 resource from src\main\resources to target\classes
2024-12-10 02:47:43,732 [Worker-307: Launching LogExample - LogExampleApplication] INFO  o.a.m.s.f.DefaultMavenResourcesFiltering - skip non existing resourceDirectory C:\Users\A\Desktop\LogInEx\LogExample\src\test\resources
2024-12-10 08:00:55,498 [Worker-334: Launching LogExample - LogExampleApplication] INFO  o.a.m.s.f.DefaultMavenResourcesFiltering - Copying 1 resource from src\main\resources to target\classes
2024-12-10 08:00:55,621 [Worker-334: Launching LogExample - LogExampleApplication] INFO  o.a.m.s.f.DefaultMavenResourcesFiltering - Copying 0 resource from src\main\resources to target\classes
2024-12-10 08:00:55,624 [Worker-334: Launching LogExample - LogExampleApplication] INFO  o.a.m.s.f.DefaultMavenResourcesFiltering - skip non existing resourceDirectory C:\Users\A\Desktop\LogInEx\LogExample\src\test\resources
